<?xml version="1.0" encoding="UTF-8"?>
<testsuite name="com.UserRegistration.UserRegistrationTest" tests="1" skipped="0" failures="0" errors="0" timestamp="2021-07-29T18:17:15" hostname="DESKTOP-UD4BENK" time="0.004">
  <properties/>
  <testcase name="givenFirstName_WhenValid_ShouldReturnTrue" classname="com.UserRegistration.UserRegistrationTest" time="0.004"/>
  <system-out><![CDATA[]]></system-out>
  <system-err><![CDATA[]]></system-err>
</testsuite>
